timestamp: 2014-12-03T10:40:22.472168
CREATE TABLE Countries(
    id INTEGER PRIMARY KEY AUTOINCREMENT,
    country CHAR(512)
);
success!
timestamp: 2014-12-03T10:40:22.475200
CREATE TABLE Addresses(
    id INTEGER PRIMARY KEY AUTOINCREMENT,
    streetAddress CHAR(512),
    city CHAR(512),
    country INTEGER REFERENCES Countries (id) ON DELETE CASCADE,
    postalCode CHAR(512)
);
success!
timestamp: 2014-12-03T10:40:22.476651
CREATE TABLE CreditCards(
    id INTEGER PRIMARY KEY AUTOINCREMENT,
    billingAddress INTEGER REFERENCES Addresses (id) ON DELETE CASCADE,
    cardNumber CHAR(512),
    expiryDate CHAR(512),
    pin CHAR(512)
);
success!
timestamp: 2014-12-03T10:40:22.479163
CREATE TABLE auth_user(
    id INTEGER PRIMARY KEY AUTOINCREMENT,
    first_name CHAR(128),
    last_name CHAR(128),
    email CHAR(512),
    username CHAR(128),
    password CHAR(512),
    registration_key CHAR(512),
    reset_password_key CHAR(512),
    registration_id CHAR(512),
    birthdate CHAR(512),
    shippingAddress INTEGER REFERENCES Addresses (id) ON DELETE CASCADE,
    paymentMethod INTEGER REFERENCES CreditCards (id) ON DELETE CASCADE
);
success!
timestamp: 2014-12-03T10:40:22.480919
CREATE TABLE auth_group(
    id INTEGER PRIMARY KEY AUTOINCREMENT,
    role CHAR(512),
    description TEXT
);
success!
timestamp: 2014-12-03T10:40:22.482886
CREATE TABLE auth_membership(
    id INTEGER PRIMARY KEY AUTOINCREMENT,
    user_id INTEGER REFERENCES auth_user (id) ON DELETE CASCADE,
    group_id INTEGER REFERENCES auth_group (id) ON DELETE CASCADE
);
success!
timestamp: 2014-12-03T10:40:22.484294
CREATE TABLE auth_permission(
    id INTEGER PRIMARY KEY AUTOINCREMENT,
    group_id INTEGER REFERENCES auth_group (id) ON DELETE CASCADE,
    name CHAR(512),
    table_name CHAR(512),
    record_id INTEGER
);
success!
timestamp: 2014-12-03T10:40:22.485894
CREATE TABLE auth_event(
    id INTEGER PRIMARY KEY AUTOINCREMENT,
    time_stamp TIMESTAMP,
    client_ip CHAR(512),
    user_id INTEGER REFERENCES auth_user (id) ON DELETE CASCADE,
    origin CHAR(512),
    description TEXT
);
success!
timestamp: 2014-12-03T10:40:22.487194
CREATE TABLE auth_cas(
    id INTEGER PRIMARY KEY AUTOINCREMENT,
    user_id INTEGER REFERENCES auth_user (id) ON DELETE CASCADE,
    created_on TIMESTAMP,
    service CHAR(512),
    ticket CHAR(512),
    renew CHAR(1)
);
success!
timestamp: 2014-12-03T10:40:22.488304
CREATE TABLE Categories(
    id INTEGER PRIMARY KEY AUTOINCREMENT,
    category CHAR(512)
);
success!
timestamp: 2014-12-03T10:40:22.490474
CREATE TABLE States(
    id INTEGER PRIMARY KEY AUTOINCREMENT,
    state CHAR(512)
);
success!
timestamp: 2014-12-03T10:40:22.492831
CREATE TABLE Bootables(
    id INTEGER PRIMARY KEY AUTOINCREMENT,
    user_id INTEGER REFERENCES auth_user (id) ON DELETE CASCADE,
    title CHAR(512),
    shortDescription CHAR(512),
    category INTEGER REFERENCES Categories (id) ON DELETE CASCADE,
    fundingGoal INTEGER,
    image CHAR(512),
    longDescription TEXT,
    managerInfo TEXT,
    dateCreated TIMESTAMP,
    state INTEGER REFERENCES States (id) ON DELETE CASCADE
);
success!
timestamp: 2014-12-03T10:40:22.515513
CREATE TABLE Rewards(
    id INTEGER PRIMARY KEY AUTOINCREMENT,
    bootable_id INTEGER REFERENCES Bootables (id) ON DELETE CASCADE,
    reward CHAR(512)
);
success!
timestamp: 2014-12-03T10:40:22.517022
CREATE TABLE PledgeOptions(
    id INTEGER PRIMARY KEY AUTOINCREMENT,
    bootable_id INTEGER REFERENCES Bootables (id) ON DELETE CASCADE,
    pledgeTitle CHAR(512),
    price INTEGER,
    reward TEXT
);
success!
timestamp: 2014-12-03T10:40:22.518161
CREATE TABLE PledgeRewardPairs(
    id INTEGER PRIMARY KEY AUTOINCREMENT,
    reward_id INTEGER REFERENCES Rewards (id) ON DELETE CASCADE,
    pledgeOption_id INTEGER REFERENCES PledgeOptions (id) ON DELETE CASCADE
);
success!
timestamp: 2014-12-03T10:40:22.519719
CREATE TABLE Pledges(
    id INTEGER PRIMARY KEY AUTOINCREMENT,
    user_id INTEGER REFERENCES auth_user (id) ON DELETE CASCADE,
    pledge_id INTEGER REFERENCES PledgeOptions (id) ON DELETE CASCADE
);
success!
